#
# There is insufficient memory for the Java Runtime Environment to continue.
# Native memory allocation (mmap) failed to map 132120576 bytes for G1 virtual space
# Possible reasons:
#   The system is out of physical RAM or swap space
#   The process is running with CompressedOops enabled, and the Java Heap may be blocking the growth of the native heap
# Possible solutions:
#   Reduce memory load on the system
#   Increase physical memory or swap space
#   Check if swap backing store is full
#   Decrease Java heap size (-Xmx/-Xms)
#   Decrease number of Java threads
#   Decrease Java thread stack sizes (-Xss)
#   Set larger code cache with -XX:ReservedCodeCacheSize=
#   JVM is running with Unscaled Compressed Oops mode in which the Java heap is
#     placed in the first 4GB address space. The Java Heap base address is the
#     maximum limit for the native heap growth. Please use -XX:HeapBaseMinAddress
#     to set the Java Heap base and to place the Java Heap above 4GB virtual address.
# This output file may be truncated or incomplete.
#
#  Out of Memory Error (os_windows.cpp:3527), pid=19096, tid=32920
#
# JRE version:  (19.0.1+10) (build )
# Java VM: Java HotSpot(TM) 64-Bit Server VM (19.0.1+10-21, mixed mode, sharing, tiered, compressed oops, compressed class ptrs, g1 gc, windows-amd64)
# No core dump will be written. Minidumps are not enabled by default on client versions of Windows
#

---------------  S U M M A R Y ------------

Command Line: C:\Users\igorl\AppData\Local\Temp\surefire10254711186369170620\surefirebooter-20231229202227591_3.jar C:\Users\igorl\AppData\Local\Temp\surefire10254711186369170620 2023-12-29T20-22-27_382-jvmRun1 surefire-20231229202227591_1tmp surefire_0-20231229202227591_2tmp

Host: AMD Ryzen 7 5800H with Radeon Graphics         , 16 cores, 7G,  Windows 11 , 64 bit Build 22000 (10.0.22000.2538)
Time: Fri Dec 29 20:22:27 2023 GMT Standard Time elapsed time: 0.013469 seconds (0d 0h 0m 0s)

---------------  T H R E A D  ---------------

Current thread (0x000001a6c12fc1e0):  JavaThread "Unknown thread" [_thread_in_vm, id=32920, stack(0x00000085d0000000,0x00000085d0100000)]

Stack: [0x00000085d0000000,0x00000085d0100000]
Native frames: (J=compiled Java code, j=interpreted, Vv=VM code, C=native code)
V  [jvm.dll+0x6ee8fa]
V  [jvm.dll+0x857a1e]
V  [jvm.dll+0x85940e]
V  [jvm.dll+0x859ac3]
V  [jvm.dll+0x28291f]
V  [jvm.dll+0x6eb6e9]
V  [jvm.dll+0x6e028a]
V  [jvm.dll+0x357136]
V  [jvm.dll+0x35eb96]
V  [jvm.dll+0x3b555e]
V  [jvm.dll+0x3b578f]
V  [jvm.dll+0x32c6ea]
V  [jvm.dll+0x32d59e]
V  [jvm.dll+0x821b20]
V  [jvm.dll+0x3c27c1]
V  [jvm.dll+0x8022f1]
V  [jvm.dll+0x44b30f]
V  [jvm.dll+0x44cc91]
C  [jli.dll+0x5287]
C  [ucrtbase.dll+0x26c0c]
C  [KERNEL32.DLL+0x153e0]
C  [ntdll.dll+0x485b]


---------------  P R O C E S S  ---------------

Threads class SMR info:
_java_thread_list=0x00007ffbbf82d048, length=0, elements={
}

Java Threads: ( => current thread )

Other Threads:
  0x000001a6c135f080 WorkerThread "GC Thread#0" [stack: 0x00000085d0100000,0x00000085d0200000] [id=49996]
  0x000001a6c136fd00 ConcurrentGCThread "G1 Main Marker" [stack: 0x00000085d0200000,0x00000085d0300000] [id=39540]
  0x000001a6c1370730 WorkerThread "G1 Conc#0" [stack: 0x00000085d0300000,0x00000085d0400000] [id=27528]

[error occurred during error reporting (printing all threads), id 0xc0000005, EXCEPTION_ACCESS_VIOLATION (0xc0000005) at pc=0x00007ffbbefed127]

VM state: not at safepoint (not fully initialized)

VM Mutex/Monitor currently owned by a thread:  ([mutex/lock_event])
[0x000001a6c12f7420] Heap_lock - owner thread: 0x000001a6c12fc1e0

Heap address: 0x0000000082400000, size: 2012 MB, Compressed Oops mode: 32-bit

CDS archive(s) mapped at: [0x0000000000000000-0x0000000000000000-0x0000000000000000), size 0, SharedBaseAddress: 0x0000000800000000, ArchiveRelocationMode: 0.
Narrow klass base: 0x0000000000000000, Narrow klass shift: 0, Narrow klass range: 0x0

GC Precious Log:
 CardTable entry size: 512
 Card Set container configuration: InlinePtr #cards 5 size 8 Array Of Cards #cards 12 size 40 Howl #buckets 4 coarsen threshold 1843 Howl Bitmap #cards 512 size 80 coarsen threshold 460 Card regions per heap region 1 cards per card region 2048

Heap:
 garbage-first heap   total 0K, used 0K [0x0000000082400000, 0x0000000100000000)
  region size 1024K, 0 young (0K), 0 survivors (0K)

[error occurred during error reporting (printing heap information), id 0xc0000005, EXCEPTION_ACCESS_VIOLATION (0xc0000005) at pc=0x00007ffbbf3f6959]

GC Heap History (0 events):
No events

Dll operation events (1 events):
Event: 0.008 Loaded shared library C:\Program Files\Java\jdk-19\bin\java.dll

Deoptimization events (0 events):
No events

Classes loaded (0 events):
No events

Classes unloaded (0 events):
No events

Classes redefined (0 events):
No events

Internal exceptions (0 events):
No events

VM Operations (0 events):
No events

Events (0 events):
No events


Dynamic libraries:
0x00007ff6b07e0000 - 0x00007ff6b07f0000 	C:\Program Files\Java\jdk-19\bin\java.exe
0x00007ffc6ec00000 - 0x00007ffc6ee09000 	C:\WINDOWS\SYSTEM32\ntdll.dll
0x00007ffc6d9d0000 - 0x00007ffc6da8d000 	C:\WINDOWS\System32\KERNEL32.DLL
0x00007ffc6c430000 - 0x00007ffc6c7b4000 	C:\WINDOWS\System32\KERNELBASE.dll
0x00007ffc6c310000 - 0x00007ffc6c421000 	C:\WINDOWS\System32\ucrtbase.dll
0x00007ffc43410000 - 0x00007ffc4342b000 	C:\Program Files\Java\jdk-19\bin\VCRUNTIME140.dll
0x00007ffc3f660000 - 0x00007ffc3f678000 	C:\Program Files\Java\jdk-19\bin\jli.dll
0x00007ffc6eb10000 - 0x00007ffc6ebbe000 	C:\WINDOWS\System32\ADVAPI32.dll
0x00007ffc6df00000 - 0x00007ffc6dfa3000 	C:\WINDOWS\System32\msvcrt.dll
0x00007ffc6ccf0000 - 0x00007ffc6cd8e000 	C:\WINDOWS\System32\sechost.dll
0x00007ffc6e840000 - 0x00007ffc6e961000 	C:\WINDOWS\System32\RPCRT4.dll
0x00007ffc6dfb0000 - 0x00007ffc6e15d000 	C:\WINDOWS\System32\USER32.dll
0x00007ffc6ca20000 - 0x00007ffc6ca46000 	C:\WINDOWS\System32\win32u.dll
0x00007ffc6e670000 - 0x00007ffc6e69a000 	C:\WINDOWS\System32\GDI32.dll
0x00007ffc56300000 - 0x00007ffc565a5000 	C:\WINDOWS\WinSxS\amd64_microsoft.windows.common-controls_6595b64144ccf1df_6.0.22000.120_none_9d947278b86cc467\COMCTL32.dll
0x00007ffc6c900000 - 0x00007ffc6ca1e000 	C:\WINDOWS\System32\gdi32full.dll
0x00007ffc6c270000 - 0x00007ffc6c30d000 	C:\WINDOWS\System32\msvcp_win.dll
0x00007ffc63760000 - 0x00007ffc6376a000 	C:\WINDOWS\SYSTEM32\VERSION.dll
0x00007ffc6ea60000 - 0x00007ffc6ea91000 	C:\WINDOWS\System32\IMM32.DLL
0x00007ffc56b80000 - 0x00007ffc56b8c000 	C:\Program Files\Java\jdk-19\bin\vcruntime140_1.dll
0x00007ffbfda00000 - 0x00007ffbfda8e000 	C:\Program Files\Java\jdk-19\bin\msvcp140.dll
0x00007ffbbecb0000 - 0x00007ffbbf970000 	C:\Program Files\Java\jdk-19\bin\server\jvm.dll
0x00007ffc66030000 - 0x00007ffc66063000 	C:\WINDOWS\SYSTEM32\WINMM.dll
0x00007ffc22d90000 - 0x00007ffc22d99000 	C:\WINDOWS\SYSTEM32\WSOCK32.dll
0x00007ffc6eaa0000 - 0x00007ffc6eb0f000 	C:\WINDOWS\System32\WS2_32.dll
0x00007ffc6b0c0000 - 0x00007ffc6b0d8000 	C:\WINDOWS\SYSTEM32\kernel.appcore.dll
0x00007ffc54340000 - 0x00007ffc5434a000 	C:\Program Files\Java\jdk-19\bin\jimage.dll
0x00007ffc69d60000 - 0x00007ffc69f81000 	C:\WINDOWS\SYSTEM32\DBGHELP.DLL
0x00007ffc4a880000 - 0x00007ffc4a8b1000 	C:\WINDOWS\SYSTEM32\dbgcore.DLL
0x00007ffc6c880000 - 0x00007ffc6c8ff000 	C:\WINDOWS\System32\bcryptPrimitives.dll
0x00007ffc39030000 - 0x00007ffc39056000 	C:\Program Files\Java\jdk-19\bin\java.dll

dbghelp: loaded successfully - version: 4.0.5 - missing functions: none
symbol engine: initialized successfully - sym options: 0x614 - pdb path: .;C:\Program Files\Java\jdk-19\bin;C:\WINDOWS\SYSTEM32;C:\WINDOWS\WinSxS\amd64_microsoft.windows.common-controls_6595b64144ccf1df_6.0.22000.120_none_9d947278b86cc467;C:\Program Files\Java\jdk-19\bin\server

VM Arguments:
java_command: C:\Users\igorl\AppData\Local\Temp\surefire10254711186369170620\surefirebooter-20231229202227591_3.jar C:\Users\igorl\AppData\Local\Temp\surefire10254711186369170620 2023-12-29T20-22-27_382-jvmRun1 surefire-20231229202227591_1tmp surefire_0-20231229202227591_2tmp
java_class_path (initial): C:\Users\igorl\AppData\Local\Temp\surefire10254711186369170620\surefirebooter-20231229202227591_3.jar
Launcher Type: SUN_STANDARD

[Global flags]
     intx CICompilerCount                          = 12                                        {product} {ergonomic}
     uint ConcGCThreads                            = 3                                         {product} {ergonomic}
     uint G1ConcRefinementThreads                  = 13                                        {product} {ergonomic}
   size_t G1HeapRegionSize                         = 1048576                                   {product} {ergonomic}
    uintx GCDrainStackTargetSize                   = 64                                        {product} {ergonomic}
   size_t InitialHeapSize                          = 132120576                                 {product} {ergonomic}
   size_t MarkStackSize                            = 4194304                                   {product} {ergonomic}
   size_t MaxHeapSize                              = 2109734912                                {product} {ergonomic}
   size_t MinHeapDeltaBytes                        = 1048576                                   {product} {ergonomic}
   size_t MinHeapSize                              = 8388608                                   {product} {ergonomic}
    uintx NonNMethodCodeHeapSize                   = 7602480                                {pd product} {ergonomic}
    uintx NonProfiledCodeHeapSize                  = 122027880                              {pd product} {ergonomic}
    uintx ProfiledCodeHeapSize                     = 122027880                              {pd product} {ergonomic}
    uintx ReservedCodeCacheSize                    = 251658240                              {pd product} {ergonomic}
     bool SegmentedCodeCache                       = true                                      {product} {ergonomic}
   size_t SoftMaxHeapSize                          = 2109734912                             {manageable} {ergonomic}
     bool UseCompressedClassPointers               = true                           {product lp64_product} {ergonomic}
     bool UseCompressedOops                        = true                           {product lp64_product} {ergonomic}
     bool UseG1GC                                  = true                                      {product} {ergonomic}
     bool UseLargePagesIndividualAllocation        = false                                  {pd product} {ergonomic}

Logging:
Log output configuration:
 #0: stdout all=warning uptime,level,tags foldmultilines=false
 #1: stderr all=off uptime,level,tags foldmultilines=false

Environment Variables:
PATH=C:\Python311\Scripts\;C:\Python311\;C:\Program Files\Common Files\Oracle\Java\javapath;C:\Program Files (x86)\Common Files\Oracle\Java\javapath;C:\Windows\system32;C:\Windows;C:\Windows\System32\Wbem;C:\Windows\System32\WindowsPowerShell\v1.0\;C:\Windows\System32\OpenSSH\;C:\Program Files (x86)\NVIDIA Corporation\PhysX\Common;C:\Program Files\NVIDIA Corporation\NVIDIA NvDLISR;C:\WINDOWS\system32;C:\WINDOWS;C:\WINDOWS\System32\Wbem;C:\WINDOWS\System32\WindowsPowerShell\v1.0\;C:\WINDOWS\System32\OpenSSH\;C:\Program Files\Microsoft SQL Server\150\Tools\Binn\;C:\Program Files\Microsoft SQL Server\Client SDK\ODBC\170\Tools\Binn\;C:\Program Files\dotnet\;C:\Program Files\nodejs\;C:\ProgramData\chocolatey\bin;C:\Program Files\Git\cmd;C:\Program Files\PuTTY\;C:\Users\igorl\Downloads\ngrok-v3-stable-windows-amd64;;C:\Program Files\Docker\Docker\resources\bin;C:\Users\igorl\.console-ninja\.bin;C:\Users\igorl\AppData\Local\Microsoft\WindowsApps;C:\Users\igorl\.dotnet\tools;C:\Users\igorl\AppData\Roaming\npm;C:\Users\igorl\AppData\Local\Programs\Microsoft VS Code\bin;C:\Users\igorl\AppData\Local\GitHubDesktop\bin;C:\Users\igorl\AppData\Local\JetBrains\Toolbox\scripts;;C:\Program Files\JetBrains\IntelliJ IDEA 2023.2.5\bin;
USERNAME=igorl
OS=Windows_NT
PROCESSOR_IDENTIFIER=AMD64 Family 25 Model 80 Stepping 0, AuthenticAMD
TMP=C:\Users\igorl\AppData\Local\Temp
TEMP=C:\Users\igorl\AppData\Local\Temp



---------------  S Y S T E M  ---------------

OS:
 Windows 11 , 64 bit Build 22000 (10.0.22000.2538)
OS uptime: 3 days 15:27 hours
Hyper-V role detected

CPU: total 16 (initial active 16) (16 cores per cpu, 2 threads per core) family 25 model 80 stepping 0 microcode 0x0, cx8, cmov, fxsr, ht, mmx, 3dnowpref, sse, sse2, sse3, ssse3, sse4a, sse4.1, sse4.2, popcnt, lzcnt, tsc, tscinvbit, avx, avx2, aes, erms, clmul, bmi1, bmi2, adx, sha, fma, vzeroupper, clflush, clflushopt, hv, rdtscp, rdpid, fsrm

Memory: 4k page, system-wide physical 8044M (248M free)
TotalPageFile size 32620M (AvailPageFile size 126M)
current process WorkingSet (physical memory assigned to process): 11M, peak: 11M
current process commit charge ("private bytes"): 70M, peak: 196M

vm_info: Java HotSpot(TM) 64-Bit Server VM (19.0.1+10-21) for windows-amd64 JRE (19.0.1+10-21), built on 2022-09-14T12:45:06Z by "mach5one" with MS VC++ 17.1 (VS2022)

END.
